\BOOKMARK [1][-]{section*.1}{\376\377\000S\000e\000l\000b\000s\000t\000s\000t\000\344\000n\000d\000i\000g\000k\000e\000i\000t\000s\000e\000r\000k\000l\000\344\000r\000u\000n\000g}{}% 1
\BOOKMARK [1][-]{section*.3}{\376\377\000A\000b\000k\000\374\000r\000z\000u\000n\000g\000s\000v\000e\000r\000z\000e\000i\000c\000h\000n\000i\000s}{}% 2
\BOOKMARK [1][-]{section*.4}{\376\377\000A\000b\000b\000i\000l\000d\000u\000n\000g\000s\000v\000e\000r\000z\000e\000i\000c\000h\000n\000i\000s}{}% 3
\BOOKMARK [1][-]{section*.5}{\376\377\000T\000a\000b\000e\000l\000l\000e\000n\000v\000e\000r\000z\000e\000i\000c\000h\000n\000i\000s}{}% 4
\BOOKMARK [1][-]{section.1}{\376\377\000E\000i\000n\000l\000e\000i\000t\000u\000n\000g}{}% 5
\BOOKMARK [2][-]{subsection.1.1}{\376\377\000M\000o\000t\000i\000v\000a\000t\000i\000o\000n\000\040\000u\000n\000d\000\040\000P\000r\000o\000b\000l\000e\000m\000s\000t\000e\000l\000l\000u\000n\000g}{section.1}% 6
\BOOKMARK [2][-]{subsection.1.2}{\376\377\000Z\000i\000e\000l\000s\000e\000t\000z\000u\000n\000g\000\040\000u\000n\000d\000\040\000A\000b\000g\000r\000e\000n\000z\000u\000n\000g}{section.1}% 7
\BOOKMARK [2][-]{subsection.1.3}{\376\377\000A\000u\000f\000b\000a\000u\000\040\000d\000e\000r\000\040\000A\000r\000b\000e\000i\000t}{section.1}% 8
\BOOKMARK [1][-]{section.2}{\376\377\000G\000r\000u\000n\000d\000l\000a\000g\000e\000n\000\040\000u\000n\000d\000\040\000B\000e\000g\000r\000i\000f\000f\000s\000e\000r\000k\000l\000\344\000r\000u\000n\000g\000e\000n}{}% 9
\BOOKMARK [2][-]{subsection.2.1}{\376\377\000D\000i\000e\000\040\000C\000o\000m\000p\000o\000s\000a\000b\000l\000e\000-\000E\000n\000t\000e\000r\000p\000r\000i\000s\000e\000-\000A\000r\000c\000h\000i\000t\000e\000k\000t\000u\000r}{section.2}% 10
\BOOKMARK [3][-]{subsubsection.2.1.1}{\376\377\000B\000e\000g\000r\000i\000f\000f\000s\000e\000r\000k\000l\000\344\000r\000u\000n\000g\000\040\000u\000n\000d\000\040\000A\000b\000g\000r\000e\000n\000z\000u\000n\000g}{subsection.2.1}% 11
\BOOKMARK [3][-]{subsubsection.2.1.2}{\376\377\000T\000e\000c\000h\000n\000o\000l\000o\000g\000i\000s\000c\000h\000e\000\040\000K\000o\000n\000z\000e\000p\000t\000e\000\040\000d\000e\000s\000\040\000C\000o\000m\000p\000o\000s\000a\000b\000l\000e\000-\000E\000n\000t\000e\000r\000p\000r\000i\000s\000e\000s}{subsection.2.1}% 12
\BOOKMARK [2][-]{subsection.2.2}{\376\377\000I\000n\000t\000e\000g\000r\000a\000t\000i\000o\000n\000\040\000u\000n\000d\000\040\000B\000e\000r\000e\000i\000t\000s\000t\000e\000l\000l\000u\000n\000g\000\040\000v\000o\000n\000\040\000S\000o\000f\000t\000w\000a\000r\000e}{section.2}% 13
\BOOKMARK [3][-]{subsubsection.2.2.1}{\376\377\000A\000g\000i\000l\000e\000\040\000u\000n\000d\000\040\000D\000e\000v\000O\000p\000s\000\040\000a\000l\000s\000\040\000m\000o\000d\000e\000r\000n\000e\000\040\000A\000n\000w\000e\000n\000d\000u\000n\000g\000s\000e\000n\000t\000w\000i\000c\000k\000l\000u\000n\000g\000s\000k\000o\000n\000z\000e\000p\000t\000e}{subsection.2.2}% 14
\BOOKMARK [3][-]{subsubsection.2.2.2}{\376\377\000P\000i\000p\000e\000l\000i\000n\000e\000s\000\040\000z\000u\000r\000\040\000I\000n\000t\000e\000g\000r\000a\000t\000i\000o\000n\000s\000-\000\040\000u\000n\000d\000\040\000B\000e\000r\000e\000i\000t\000s\000t\000e\000l\000l\000u\000n\000g\000s\000a\000u\000t\000o\000m\000a\000t\000i\000s\000i\000e\000r\000u\000n\000g}{subsection.2.2}% 15
\BOOKMARK [3][-]{subsubsection.2.2.3}{\376\377\000S\000t\000r\000a\000t\000e\000g\000i\000e\000n\000\040\000z\000u\000r\000\040\000B\000e\000r\000e\000i\000t\000s\000t\000e\000l\000l\000u\000n\000g\000\040\000v\000o\000n\000\040\000N\000e\000u\000e\000n\000t\000w\000i\000c\000k\000l\000u\000n\000g\000e\000n}{subsection.2.2}% 16
\BOOKMARK [1][-]{section.3}{\376\377\000M\000e\000t\000h\000o\000d\000i\000s\000c\000h\000e\000\040\000V\000o\000r\000g\000e\000h\000e\000n\000s\000w\000e\000i\000s\000e}{}% 17
\BOOKMARK [2][-]{subsection.3.1}{\376\377\000S\000e\000m\000i\000s\000t\000r\000u\000k\000t\000u\000r\000i\000e\000r\000t\000e\000\040\000L\000e\000i\000t\000f\000a\000d\000e\000n\000i\000n\000t\000e\000r\000v\000i\000e\000w\000s}{section.3}% 18
\BOOKMARK [2][-]{subsection.3.2}{\376\377\000P\000r\000o\000t\000o\000t\000y\000p\000i\000s\000c\000h\000e\000\040\000I\000m\000p\000l\000e\000m\000e\000n\000t\000i\000e\000r\000u\000n\000g\000\040\000d\000e\000r\000\040\000I\000n\000t\000e\000g\000r\000a\000t\000i\000o\000n\000s\000-\000\040\000u\000n\000d\000\040\000B\000e\000r\000e\000i\000t\000s\000t\000e\000l\000l\000u\000n\000g\000s\000-\000P\000i\000p\000e\000l\000i\000n\000e\000s}{section.3}% 19
\BOOKMARK [2][-]{subsection.3.3}{\376\377\000E\000v\000a\000l\000u\000a\000t\000i\000o\000n\000\040\000d\000e\000r\000\040\000I\000n\000t\000e\000g\000r\000a\000t\000i\000o\000n\000s\000-\000\040\000u\000n\000d\000\040\000B\000e\000r\000e\000i\000t\000s\000t\000e\000l\000l\000u\000n\000g\000s\000-\000P\000i\000p\000e\000l\000i\000n\000e\000s\000\040\000u\000n\000t\000e\000r\000\040\000A\000n\000w\000e\000n\000d\000u\000n\000g\000\040\000d\000e\000s\000\040\000A\000n\000a\000l\000y\000t\000i\000s\000c\000h\000e\000n\000\040\000H\000i\000e\000r\000a\000r\000c\000h\000i\000e\000p\000r\000o\000z\000e\000s\000s\000e\000s}{section.3}% 20
\BOOKMARK [1][-]{section.4}{\376\377\000A\000n\000w\000e\000n\000d\000u\000n\000g\000\040\000d\000e\000r\000\040\000M\000e\000t\000h\000o\000d\000i\000k\000\040\000a\000u\000f\000\040\000d\000i\000e\000\040\000t\000h\000e\000o\000r\000e\000t\000i\000s\000c\000h\000e\000n\000\040\000G\000r\000u\000n\000d\000l\000a\000g\000e\000n}{}% 21
\BOOKMARK [2][-]{subsection.4.1}{\376\377\000P\000r\000o\000t\000o\000t\000y\000p\000i\000s\000c\000h\000e\000\040\000I\000m\000p\000l\000e\000m\000e\000n\000t\000i\000e\000r\000u\000n\000g\000\040\000d\000e\000r\000\040\000I\000n\000t\000e\000g\000r\000a\000t\000i\000o\000n\000s\000-\000\040\000u\000n\000d\000\040\000B\000e\000r\000e\000i\000t\000s\000t\000e\000l\000l\000u\000n\000g\000s\000-\000P\000i\000p\000e\000l\000i\000n\000e\000s}{section.4}% 22
\BOOKMARK [2][-]{subsection.4.2}{\376\377\000E\000v\000a\000l\000u\000a\000t\000i\000o\000n\000\040\000d\000e\000r\000\040\000I\000n\000t\000e\000g\000r\000a\000t\000i\000o\000n\000s\000-\000\040\000u\000n\000d\000\040\000B\000e\000r\000e\000i\000t\000s\000t\000e\000l\000l\000u\000n\000g\000s\000-\000P\000i\000p\000e\000l\000i\000n\000e\000s\000\040\000u\000n\000t\000e\000r\000\040\000A\000n\000w\000e\000n\000d\000u\000n\000g\000\040\000d\000e\000s\000\040\000A\000n\000a\000l\000y\000t\000i\000s\000c\000h\000e\000n\000\040\000H\000i\000e\000r\000a\000r\000c\000h\000i\000e\000p\000r\000o\000z\000e\000s\000s\000e\000s}{section.4}% 23
\BOOKMARK [3][-]{subsubsection.4.2.1}{\376\377\000F\000e\000s\000t\000l\000e\000g\000u\000n\000g\000\040\000d\000e\000r\000\040\000h\000i\000e\000r\000a\000r\000c\000h\000i\000s\000c\000h\000e\000n\000\040\000E\000n\000t\000s\000c\000h\000e\000i\000d\000u\000n\000g\000s\000k\000r\000i\000t\000e\000r\000i\000e\000n}{subsection.4.2}% 24
\BOOKMARK [3][-]{subsubsection.4.2.2}{\376\377\000F\000e\000s\000t\000l\000e\000g\000u\000n\000g\000\040\000d\000e\000r\000\040\000B\000e\000w\000e\000r\000t\000u\000n\000g\000s\000m\000e\000t\000r\000i\000k\000e\000n}{subsection.4.2}% 25
\BOOKMARK [2][-]{subsection.4.3}{\376\377\000G\000e\000w\000i\000c\000h\000t\000u\000n\000g\000\040\000d\000e\000r\000\040\000B\000e\000w\000e\000r\000t\000u\000n\000g\000s\000k\000r\000i\000t\000e\000r\000i\000e\000n}{section.4}% 26
\BOOKMARK [2][-]{subsection.4.4}{\376\377\000B\000e\000w\000e\000r\000t\000u\000n\000g\000\040\000d\000e\000r\000\040\000E\000n\000t\000s\000c\000h\000e\000i\000d\000u\000n\000g\000s\000a\000l\000t\000e\000r\000n\000a\000t\000i\000v\000e\000n}{section.4}% 27
\BOOKMARK [2][-]{subsection.4.5}{\376\377\000E\000n\000t\000w\000i\000c\000k\000l\000u\000n\000g\000\040\000e\000i\000n\000e\000r\000\040\000g\000a\000n\000z\000h\000e\000i\000t\000l\000i\000c\000h\000e\000n\000\040\000B\000e\000r\000e\000i\000t\000s\000t\000e\000l\000l\000u\000n\000g\000s\000s\000t\000r\000a\000t\000e\000g\000i\000e}{section.4}% 28
\BOOKMARK [1][-]{section.5}{\376\377\000S\000c\000h\000l\000u\000s\000s\000b\000e\000t\000r\000a\000c\000h\000t\000u\000n\000g}{}% 29
\BOOKMARK [2][-]{subsection.5.1}{\376\377\000F\000a\000z\000i\000t\000\040\000u\000n\000d\000\040\000k\000r\000i\000t\000i\000s\000c\000h\000e\000\040\000R\000e\000f\000l\000e\000x\000i\000o\000n}{section.5}% 30
\BOOKMARK [2][-]{subsection.5.2}{\376\377\000A\000u\000s\000b\000l\000i\000c\000k}{section.5}% 31
\BOOKMARK [1][-]{subsection.5.2}{\376\377\000L\000i\000t\000e\000r\000a\000t\000u\000r\000v\000e\000r\000z\000e\000i\000c\000h\000n\000i\000s}{}% 32
\BOOKMARK [1][-]{section*.49}{\376\377\000A\000n\000h\000a\000n\000g}{}% 33
\BOOKMARK [1][-]{appendix.a.A}{\376\377\000A\000l\000l\000g\000e\000m\000e\000i\000n\000e\000\040\000E\000r\000g\000\344\000n\000z\000u\000n\000g\000e\000n}{}% 34
\BOOKMARK [1][-]{appendix.a.B}{\376\377\000G\000r\000a\000f\000i\000k\000e\000n}{}% 35
\BOOKMARK [1][-]{appendix.a.C}{\376\377\000E\000x\000p\000e\000r\000t\000e\000n\000m\000a\000t\000e\000r\000i\000a\000l\000i\000e\000n}{}% 36
\BOOKMARK [2][-]{subsection.a.C.1}{\376\377\000E\000x\000p\000e\000r\000t\000e\000n\000i\000n\000t\000e\000r\000v\000i\000e\000w\000\040\0001}{appendix.a.C}% 37
\BOOKMARK [2][-]{subsection.a.C.2}{\376\377\000E\000x\000p\000e\000r\000t\000e\000n\000i\000n\000t\000e\000r\000v\000i\000e\000w\000\040\0002}{appendix.a.C}% 38
\BOOKMARK [2][-]{subsection.a.C.3}{\376\377\000E\000x\000p\000e\000r\000t\000e\000n\000i\000n\000t\000e\000r\000v\000i\000e\000w\000\040\0003}{appendix.a.C}% 39
\BOOKMARK [2][-]{subsection.a.C.4}{\376\377\000E\000x\000p\000e\000r\000t\000e\000n\000i\000n\000t\000e\000r\000v\000i\000e\000w\000\040\0004}{appendix.a.C}% 40
\BOOKMARK [2][-]{subsection.a.C.5}{\376\377\000K\000o\000d\000i\000e\000r\000u\000n\000g\000\040\000d\000e\000r\000\040\000E\000x\000p\000e\000r\000t\000e\000n\000i\000n\000t\000e\000r\000v\000i\000e\000w\000s}{appendix.a.C}% 41
\BOOKMARK [2][-]{subsection.a.C.6}{\376\377\000E\000x\000p\000e\000r\000t\000e\000n\000g\000e\000w\000i\000c\000h\000t\000u\000n\000g\000\040\0001}{appendix.a.C}% 42
\BOOKMARK [2][-]{subsection.a.C.7}{\376\377\000E\000x\000p\000e\000r\000t\000e\000n\000g\000e\000w\000i\000c\000h\000t\000u\000n\000g\000\040\0002}{appendix.a.C}% 43
\BOOKMARK [2][-]{subsection.a.C.8}{\376\377\000E\000x\000p\000e\000r\000t\000e\000n\000g\000e\000w\000i\000c\000h\000t\000u\000n\000g\000\040\0003}{appendix.a.C}% 44
